1745243926308	geckodriver	INFO	Listening on 127.0.0.1:53328
1745243929423	mozrunner::runner	INFO	Running command: "C:\\Users\\lenovo\\.cache\\selenium\\firefox\\win64\\137.0.2\\firefox.exe" "--marionette" "--remote-debuggi ... " "--remote-allow-hosts" "localhost" "-no-remote" "-profile" "C:\\Users\\lenovo\\AppData\\Local\\Temp\\rust_mozprofileFp5lfg"
console.warn: services.settings: Ignoring preference override of remote settings server
console.warn: services.settings: Allow by setting MOZ_REMOTE_SETTINGS_DEVTOOLS=1 in the environment
Dynamically enable window occlusion 0
1745243929845	Marionette	INFO	Marionette enabled
1745243930026	Marionette	INFO	Listening on port 53337
WebDriver BiDi listening on ws://127.0.0.1:53329
Read port: 53337
1745243930181	RemoteAgent	WARN	TLS certificate errors will be ignored for this session
[ERROR glean_core::database] Failed to record metric 'client_id' into glean_client_info: Error { kind: Rkv(IoError(Os { code: 5, kind: PermissionDenied, message: "Access is denied." })) }
[ERROR glean_core::database] Failed to record metric 'mps.last_sent_build' into glean_internal_info: Error { kind: Rkv(IoError(Os { code: 5, kind: PermissionDenied, message: "Access is denied." })) }
[ERROR glean_core::database] Failed to record metric 'mps.last_sent_time' into glean_internal_info: Error { kind: Rkv(IoError(Os { code: 5, kind: PermissionDenied, message: "Access is denied." })) }
[ERROR glean_core::database] Failed to record metric 'os' into glean_client_info: Error { kind: Rkv(IoError(Os { code: 5, kind: PermissionDenied, message: "Access is denied." })) }
[ERROR glean_core::database] Failed to record metric 'app_build' into glean_client_info: Error { kind: Rkv(IoError(Os { code: 5, kind: PermissionDenied, message: "Access is denied." })) }
[ERROR glean_core::database] Failed to record metric 'app_display_version' into glean_client_info: Error { kind: Rkv(IoError(Os { code: 5, kind: PermissionDenied, message: "Access is denied." })) }
[ERROR glean_core::database] Failed to record metric 'build_date' into glean_client_info: Error { kind: Rkv(IoError(Os { code: 5, kind: PermissionDenied, message: "Access is denied." })) }
[ERROR glean_core::database] Failed to record metric 'app_channel' into glean_client_info: Error { kind: Rkv(IoError(Os { code: 5, kind: PermissionDenied, message: "Access is denied." })) }
[ERROR glean_core::database] Failed to record metric 'os_version' into glean_client_info: Error { kind: Rkv(IoError(Os { code: 5, kind: PermissionDenied, message: "Access is denied." })) }
[ERROR glean_core::database] Failed to record metric 'architecture' into glean_client_info: Error { kind: Rkv(IoError(Os { code: 5, kind: PermissionDenied, message: "Access is denied." })) }
[ERROR glean_core::database] Failed to record metric 'windows_build_number' into glean_client_info: Error { kind: Rkv(IoError(Os { code: 5, kind: PermissionDenied, message: "Access is denied." })) }
[ERROR glean_core::database] Failed to record metric 'locale' into glean_client_info: Error { kind: Rkv(IoError(Os { code: 5, kind: PermissionDenied, message: "Access is denied." })) }
DevTools listening on ws://127.0.0.1:53329/devtools/browser/469d88f1-a4f7-4ffc-93ea-f3636128ce83
console.warn: LoginRecipes: "Falling back to a synchronous message for: https://melivecode.com."
JavaScript error: https://melivecode.com/login/login.js, line 19: SyntaxError: JSON.parse: unexpected end of data at line 1 column 1 of the JSON data
console.warn: LoginRecipes: "Falling back to a synchronous message for: https://melivecode.com."
JavaScript error: https://melivecode.com/login/login.js, line 19: SyntaxError: JSON.parse: unexpected end of data at line 1 column 1 of the JSON data
JavaScript error: https://melivecode.com/login/login.js, line 19: SyntaxError: JSON.parse: unexpected end of data at line 1 column 1 of the JSON data
1745243936713	Marionette	INFO	Stopped listening on port 53337
Dynamically enable window occlusion 1
